99
0 0 1 2 3 4 5 6 7 9 26 12 10 14 22 15 13 19 8 17 41 11 65 88 85 75 37 25 40 50 76 24 52 21 54 
1 0 1 2 3 5 6 4 8 10 11 9 7 13 23 12 17 16 15 36 14 21 24 47 54 27 29 33 32 39 20 18 69 34 
2 9999 9998 9997 9996 9995 9994 9993 9992 9991 9990 9989 9988 9987 9986 9985 9984 9983 9982 9981 9980 9979 9978 9977 9976 9975 9974 9973 9972 9971 9970 
3 9999 9998 9997 9996 9995 9994 9993 9992 9991 9990 9989 9988 9987 9986 9985 9984 9983 9982 9981 9980 9979 9978 9977 9976 9975 9974 9973 9972 9971 9970 
4 0 1 2 3 4 5 6 7 9 15 8 11 12 25 34 23 28 16 30 10 97 14 18 37 32 20 47 13 54 24 86 452 51 
5 9999 9998 9997 9996 9995 9994 9993 9992 9991 9990 9989 9988 9987 9986 9985 9984 9983 9982 9981 9980 9979 9978 9977 9976 9975 9974 9973 9972 9971 9970 
6 0 2 1 3 4 6 8 11 7 9 5 21 15 10 12 14 13 19 17 20 24 30 38 25 130 50 46 48 56 51 118 35 156 74 
7 9999 9998 9997 9996 9995 9994 9993 9992 9991 9990 9989 9988 9987 9986 9985 9984 9983 9982 9981 9980 9979 9978 9977 9976 9975 9974 9973 9972 9971 9970 
8 0 1 2 3 4 6 5 8 9 7 10 11 20 15 13 14 12 19 16 23 28 25 21 24 17 26 32 22 18 33 31 29 45 52 69 
9 0 1 2 3 4 5 6 13 7 11 15 17 8 12 9 10 18 14 25 22 23 27 16 19 20 28 31 32 34 26 37 81 36 42 38 
10 0 1 2 4 5 3 7 6 8 13 34 10 9 17 11 14 15 90 46 45 20 236 18 55 29 12 21 37 64 35 25 72 653 79 112 24 19 
11 0 1 2 3 5 6 4 7 10 9 8 12 20 19 14 13 16 39 11 18 26 17 23 32 22 28 82 40 47 36 31 61 29 121 
12 9999 9998 9997 9996 9995 9994 9993 9992 9991 9990 9989 9988 9987 9986 9985 9984 9983 9982 9981 9980 9979 9978 9977 9976 9975 9974 9973 9972 9971 9970 
13 0 1 4 3 2 7 10 5 11 17 6 8 12 34 15 21 25 14 22 40 35 9 32 19 27 65 46 28 168 26 39 16 749 38 30 
14 0 1 2 3 4 6 5 8 11 7 10 12 9 15 14 17 13 18 20 19 21 25 34 33 22 43 38 87 84 16 29 59 
15 9999 9998 9997 9996 9995 9994 9993 9992 9991 9990 9989 9988 9987 9986 9985 9984 9983 9982 9981 9980 9979 9978 9977 9976 9975 9974 9973 9972 9971 9970 
16 0 1 2 4 3 6 5 8 7 10 17 9 11 14 12 18 20 36 34 15 16 25 46 21 29 60 28 13 22 24 62 41 64 19 
17 0 1 2 3 4 9 5 7 6 10 17 8 15 19 31 18 33 14 42 11 35 29 40 21 26 24 59 20 108 109 384 
18 9999 9998 9997 9996 9995 9994 9993 9992 9991 9990 9989 9988 9987 9986 9985 9984 9983 9982 9981 9980 9979 9978 9977 9976 9975 9974 9973 9972 9971 9970 
19 0 1 2 4 3 6 5 7 8 11 9 10 12 17 14 20 15 13 27 19 26 16 18 30 35 36 22 50 33 37 23 44 21 42 25 24 
20 0 1 2 3 4 5 6 9 10 8 7 12 15 14 16 18 19 13 11 17 21 22 23 20 28 27 54 50 26 33 83 77 64 29 44 
21 0 1 2 4 3 5 6 7 9 8 12 10 16 11 15 18 13 23 29 26 14 28 46 33 17 21 89 40 57 20 63 47 24 19 
22 0 1 2 3 5 4 7 6 8 11 12 17 9 18 15 19 20 53 21 37 10 49 14 35 13 33 55 58 50 34 23 24 46 44 
23 0 1 2 3 4 5 7 10 6 9 8 12 11 13 14 19 31 16 18 23 28 20 17 21 15 22 42 26 32 34 82 27 30 51 39 
24 9999 9998 9997 9996 9995 9994 9993 9992 9991 9990 9989 9988 9987 9986 9985 9984 9983 9982 9981 9980 9979 9978 9977 9976 9975 9974 9973 9972 9971 9970 
25 0 1 2 3 4 5 7 6 11 12 9 8 15 10 17 23 13 21 19 16 24 18 20 39 47 25 87 38 27 32 30 33 36 
26 0 1 2 3 6 4 5 8 10 7 11 9 17 15 34 16 18 24 21 12 23 20 25 14 84 59 27 29 22 19 43 107 164 47 299 
27 9999 9998 9997 9996 9995 9994 9993 9992 9991 9990 9989 9988 9987 9986 9985 9984 9983 9982 9981 9980 9979 9978 9977 9976 9975 9974 9973 9972 9971 9970 
28 9999 9998 9997 9996 9995 9994 9993 9992 9991 9990 9989 9988 9987 9986 9985 9984 9983 9982 9981 9980 9979 9978 9977 9976 9975 9974 9973 9972 9971 9970 
29 9999 9998 9997 9996 9995 9994 9993 9992 9991 9990 9989 9988 9987 9986 9985 9984 9983 9982 9981 9980 9979 9978 9977 9976 9975 9974 9973 9972 9971 9970 
30 0 1 2 3 5 4 8 6 7 10 15 12 9 14 13 18 16 11 19 20 17 39 29 24 27 55 32 36 22 96 37 21 58 23 61 53 
31 0 1 2 3 4 6 5 7 10 9 8 11 12 13 18 14 16 20 22 23 15 21 17 24 34 35 31 19 25 32 33 29 38 
32 0 1 2 3 4 8 5 7 9 14 13 6 10 16 11 12 24 18 15 21 20 29 25 39 26 19 17 22 73 35 31 23 43 
33 0 1 2 3 5 6 8 10 4 9 7 17 18 19 45 24 15 20 58 25 30 38 35 14 178 12 32 53 1007 89 34 33 
34 9999 9998 9997 9996 9995 9994 9993 9992 9991 9990 9989 9988 9987 9986 9985 9984 9983 9982 9981 9980 9979 9978 9977 9976 9975 9974 9973 9972 9971 9970 
35 9999 9998 9997 9996 9995 9994 9993 9992 9991 9990 9989 9988 9987 9986 9985 9984 9983 9982 9981 9980 9979 9978 9977 9976 9975 9974 9973 9972 9971 9970 
36 0 1 2 3 4 5 6 10 19 8 16 24 7 12 18 14 54 25 34 15 41 32 27 21 11 30 17 13 28 155 33 26 29 64 
37 9999 9998 9997 9996 9995 9994 9993 9992 9991 9990 9989 9988 9987 9986 9985 9984 9983 9982 9981 9980 9979 9978 9977 9976 9975 9974 9973 9972 9971 9970 
38 0 1 2 3 5 4 6 9 8 7 10 14 17 18 26 12 34 13 16 33 22 46 11 23 42 32 50 38 21 20 74 29 27 
39 9999 9998 9997 9996 9995 9994 9993 9992 9991 9990 9989 9988 9987 9986 9985 9984 9983 9982 9981 9980 9979 9978 9977 9976 9975 9974 9973 9972 9971 9970 
40 0 1 2 4 3 7 6 5 9 14 8 10 12 11 16 52 17 39 25 13 24 18 40 20 33 15 63 35 64 37 26 31 
41 0 1 2 3 4 5 8 6 19 7 11 9 20 10 13 15 17 30 18 14 12 27 16 26 29 44 35 37 32 38 23 40 118 34 21 63 64 
42 9999 9998 9997 9996 9995 9994 9993 9992 9991 9990 9989 9988 9987 9986 9985 9984 9983 9982 9981 9980 9979 9978 9977 9976 9975 9974 9973 9972 9971 9970 
43 9999 9998 9997 9996 9995 9994 9993 9992 9991 9990 9989 9988 9987 9986 9985 9984 9983 9982 9981 9980 9979 9978 9977 9976 9975 9974 9973 9972 9971 9970 
44 0 1 2 3 5 4 6 7 8 12 9 10 17 11 13 15 23 18 14 29 16 22 19 41 26 21 25 38 27 20 35 57 24 108 42 30 
45 0 1 2 4 3 5 9 8 22 12 6 7 25 20 23 24 110 13 18 19 27 130 11 51 142 28 54 17 53 55 83 14 493 47 
46 0 1 2 3 5 4 7 8 6 9 22 15 10 14 11 23 37 21 13 12 16 17 35 28 19 20 31 18 27 36 24 57 85 45 32 26 48 
47 0 1 2 6 3 5 4 7 13 8 19 9 10 16 20 34 15 11 30 21 17 33 39 14 48 79 25 74 71 12 68 103 
48 0 1 2 3 5 4 7 8 6 12 11 14 9 17 13 28 10 23 20 19 29 16 25 37 15 52 27 97 55 61 22 137 42 49 39 60 21 
49 9999 9998 9997 9996 9995 9994 9993 9992 9991 9990 9989 9988 9987 9986 9985 9984 9983 9982 9981 9980 9979 9978 9977 9976 9975 9974 9973 9972 9971 9970 
50 0 1 2 3 4 5 6 7 11 10 12 8 9 13 14 45 18 21 17 24 35 15 22 28 20 64 16 26 27 117 33 30 41 34 143 
51 9999 9998 9997 9996 9995 9994 9993 9992 9991 9990 9989 9988 9987 9986 9985 9984 9983 9982 9981 9980 9979 9978 9977 9976 9975 9974 9973 9972 9971 9970 
52 0 1 2 4 6 3 5 8 12 9 10 11 7 15 13 26 14 21 23 24 16 25 20 17 54 70 22 55 30 18 19 72 84 41 114 103 48 38 45 
53 9999 9998 9997 9996 9995 9994 9993 9992 9991 9990 9989 9988 9987 9986 9985 9984 9983 9982 9981 9980 9979 9978 9977 9976 9975 9974 9973 9972 9971 9970 
54 0 1 2 3 4 5 8 6 7 11 10 9 14 15 13 12 17 30 16 18 27 19 21 26 20 24 37 25 49 115 34 55 28 80 58 23 88 126 117 
55 0 1 2 4 6 3 5 7 9 12 13 8 24 19 14 16 11 18 45 40 10 35 17 22 32 27 21 23 50 37 91 33 44 122 
56 0 1 2 3 4 5 7 6 11 8 9 14 13 19 16 12 10 25 28 26 21 41 20 18 43 17 53 38 27 83 31 34 24 15 
57 9999 9998 9997 9996 9995 9994 9993 9992 9991 9990 9989 9988 9987 9986 9985 9984 9983 9982 9981 9980 9979 9978 9977 9976 9975 9974 9973 9972 9971 9970 
58 9999 9998 9997 9996 9995 9994 9993 9992 9991 9990 9989 9988 9987 9986 9985 9984 9983 9982 9981 9980 9979 9978 9977 9976 9975 9974 9973 9972 9971 9970 
59 9999 9998 9997 9996 9995 9994 9993 9992 9991 9990 9989 9988 9987 9986 9985 9984 9983 9982 9981 9980 9979 9978 9977 9976 9975 9974 9973 9972 9971 9970 
60 9999 9998 9997 9996 9995 9994 9993 9992 9991 9990 9989 9988 9987 9986 9985 9984 9983 9982 9981 9980 9979 9978 9977 9976 9975 9974 9973 9972 9971 9970 
61 0 1 2 3 5 4 8 6 7 12 11 14 16 9 13 10 17 28 15 31 56 24 26 23 41 20 22 69 19 36 35 21 112 29 34 27 75 
62 0 1 2 3 5 4 6 9 7 8 11 14 15 12 13 16 10 24 21 19 55 33 20 23 22 34 44 45 26 29 47 57 36 28 27 
63 0 1 2 4 3 6 8 7 9 5 12 11 13 10 17 33 28 32 15 81 21 22 20 126 18 46 16 19 60 34 90 45 157 27 58 36 
64 9999 9998 9997 9996 9995 9994 9993 9992 9991 9990 9989 9988 9987 9986 9985 9984 9983 9982 9981 9980 9979 9978 9977 9976 9975 9974 9973 9972 9971 9970 
65 0 2 1 3 5 4 6 8 10 7 9 18 22 13 14 11 23 15 12 33 19 20 25 24 21 35 59 97 29 51 58 36 78 32 
66 0 1 2 3 4 5 6 7 8 10 9 11 12 15 16 14 18 19 21 17 13 29 25 26 24 20 27 22 37 30 42 32 38 28 36 33 
67 0 1 2 4 3 6 7 5 12 11 9 20 14 18 17 10 15 21 33 26 31 76 16 13 60 8 19 25 22 58 59 28 75 
68 9999 9998 9997 9996 9995 9994 9993 9992 9991 9990 9989 9988 9987 9986 9985 9984 9983 9982 9981 9980 9979 9978 9977 9976 9975 9974 9973 9972 9971 9970 
69 9999 9998 9997 9996 9995 9994 9993 9992 9991 9990 9989 9988 9987 9986 9985 9984 9983 9982 9981 9980 9979 9978 9977 9976 9975 9974 9973 9972 9971 9970 
70 0 1 2 3 5 4 6 7 15 11 9 8 20 17 10 13 12 36 26 22 34 18 48 19 29 33 16 28 38 40 27 84 35 55 30 
71 9999 9998 9997 9996 9995 9994 9993 9992 9991 9990 9989 9988 9987 9986 9985 9984 9983 9982 9981 9980 9979 9978 9977 9976 9975 9974 9973 9972 9971 9970 
72 9999 9998 9997 9996 9995 9994 9993 9992 9991 9990 9989 9988 9987 9986 9985 9984 9983 9982 9981 9980 9979 9978 9977 9976 9975 9974 9973 9972 9971 9970 
73 0 1 2 3 4 5 6 12 14 7 10 9 15 16 13 29 8 21 22 170 24 19 36 11 31 51 27 40 35 67 62 63 44 1610 64 20 199 
74 0 1 4 2 3 6 7 5 8 12 9 18 17 16 15 20 43 58 13 10 24 28 32 72 34 27 37 335 60 42 63 62 30 57 82 22 84 224 11 501 23 69 
75 0 1 2 4 3 5 6 16 10 7 8 22 9 13 12 50 24 14 11 104 39 30 17 26 33 27 46 112 35 23 71 21 88 
76 9999 9998 9997 9996 9995 9994 9993 9992 9991 9990 9989 9988 9987 9986 9985 9984 9983 9982 9981 9980 9979 9978 9977 9976 9975 9974 9973 9972 9971 9970 
77 9999 9998 9997 9996 9995 9994 9993 9992 9991 9990 9989 9988 9987 9986 9985 9984 9983 9982 9981 9980 9979 9978 9977 9976 9975 9974 9973 9972 9971 9970 
78 9999 9998 9997 9996 9995 9994 9993 9992 9991 9990 9989 9988 9987 9986 9985 9984 9983 9982 9981 9980 9979 9978 9977 9976 9975 9974 9973 9972 9971 9970 
79 0 1 2 3 4 5 7 8 6 10 13 9 17 11 15 12 24 14 16 20 23 25 28 18 19 38 22 39 32 95 30 31 50 37 63 
80 0 1 2 3 4 5 8 7 6 11 13 10 16 20 14 9 19 12 17 15 37 65 26 21 38 54 24 71 27 58 381 25 22 200 31 131 
81 0 1 2 3 6 4 9 7 5 8 16 11 14 13 12 32 21 29 10 19 63 22 25 40 24 49 20 15 125 96 36 17 42 
82 0 1 2 3 4 6 5 7 12 11 8 13 25 21 9 19 16 42 39 10 14 15 32 20 59 17 75 50 46 34 
83 0 1 2 4 3 5 6 15 8 12 7 10 22 9 20 16 29 14 11 13 17 38 86 32 51 47 28 36 53 18 34 26 21 
84 9999 9998 9997 9996 9995 9994 9993 9992 9991 9990 9989 9988 9987 9986 9985 9984 9983 9982 9981 9980 9979 9978 9977 9976 9975 9974 9973 9972 9971 9970 
85 0 1 3 2 5 4 7 11 6 13 10 15 23 14 8 16 35 18 71 34 9 87 25 21 19 98 26 28 50 53 30 27 44 72 60 51 
86 9999 9998 9997 9996 9995 9994 9993 9992 9991 9990 9989 9988 9987 9986 9985 9984 9983 9982 9981 9980 9979 9978 9977 9976 9975 9974 9973 9972 9971 9970 
87 0 1 2 4 3 7 9 6 8 5 12 15 45 10 17 27 13 22 19 14 68 16 21 11 54 51 26 38 42 25 24 144 100 95 
88 9999 9998 9997 9996 9995 9994 9993 9992 9991 9990 9989 9988 9987 9986 9985 9984 9983 9982 9981 9980 9979 9978 9977 9976 9975 9974 9973 9972 9971 9970 
89 0 1 2 3 5 4 6 8 7 17 10 12 9 15 21 11 19 25 28 23 24 13 14 16 47 30 32 35 22 130 48 157 34 158 18 27 
90 0 1 3 5 2 4 7 6 8 14 17 16 25 13 9 30 12 35 22 33 41 52 38 27 70 66 23 78 20 19 67 54 46 18 455 55 
91 0 1 3 2 5 6 4 8 7 14 15 10 13 12 21 20 24 9 31 16 17 27 41 30 38 50 25 22 40 73 18 97 19 36 399 
92 9999 9998 9997 9996 9995 9994 9993 9992 9991 9990 9989 9988 9987 9986 9985 9984 9983 9982 9981 9980 9979 9978 9977 9976 9975 9974 9973 9972 9971 9970 
93 9999 9998 9997 9996 9995 9994 9993 9992 9991 9990 9989 9988 9987 9986 9985 9984 9983 9982 9981 9980 9979 9978 9977 9976 9975 9974 9973 9972 9971 9970 
94 9999 9998 9997 9996 9995 9994 9993 9992 9991 9990 9989 9988 9987 9986 9985 9984 9983 9982 9981 9980 9979 9978 9977 9976 9975 9974 9973 9972 9971 9970 
95 9999 9998 9997 9996 9995 9994 9993 9992 9991 9990 9989 9988 9987 9986 9985 9984 9983 9982 9981 9980 9979 9978 9977 9976 9975 9974 9973 9972 9971 9970 
96 0 1 2 3 4 6 5 9 8 7 12 14 13 10 21 15 39 46 22 168 34 16 11 26 86 40 18 92 28 43 23 29 
97 0 1 2 3 5 4 11 6 8 9 10 12 26 7 18 20 14 19 17 15 41 52 44 40 27 25 62 16 55 43 38 72 24 39 13 
98 0 1 2 4 3 5 7 6 15 9 8 10 14 18 12 13 20 16 25 23 24 19 11 22 28 38 27 34 62 32 37 97 21 41 29 60 61 
